0 info it worked if it ends with ok
1 verbose cli [ 'D:\\develop\\node\\node.exe',
1 verbose cli   'D:\\develop\\node\\node_modules\\npm\\bin\\npm-cli.js',
1 verbose cli   'run',
1 verbose cli   'dev' ]
2 info using npm@3.10.10
3 info using node@v6.11.2
4 verbose run-script [ 'predev', 'dev', 'postdev' ]
5 info lifecycle @~predev: @
6 silly lifecycle @~predev: no script for predev, continuing
7 info lifecycle @~dev: @
8 verbose lifecycle @~dev: unsafe-perm in lifecycle true
9 verbose lifecycle @~dev: PATH: D:\develop\node\node_modules\npm\bin\node-gyp-bin;C:\Users\Administrator\Desktop\vue\练习\day06\cancel_request\node_modules\.bin;C:\WINDOWS\system32;C:\WINDOWS;C:\WINDOWS\System32\Wbem;C:\WINDOWS\System32\WindowsPowerShell\v1.0\;D:\develop\mysql\bin;D:\develop\node\;D:\new\Git\cmd;C:\WINDOWS\system32;C:\WINDOWS;C:\WINDOWS\System32\Wbem;D:\new\Git\cmd;C:\WINDOWS\System32\WindowsPowerShell\v1.0\;D:\develop\mysql\bin;D:\develop\node\;D:\develop\mysql\bin;C:\Users\Administrator\AppData\Roaming\npm
10 verbose lifecycle @~dev: CWD: C:\Users\Administrator\Desktop\vue\练习\day06\cancel_request
11 silly lifecycle @~dev: Args: [ '/d /s /c', 'webpack-dev-server --inline --hot --open' ]
12 verbose stack Error: kill ENOSYS
12 verbose stack     at exports._errnoException (util.js:1020:11)
12 verbose stack     at process.kill (internal/process.js:190:13)
12 verbose stack     at process.listener (D:\develop\node\node_modules\npm\node_modules\npmlog\node_modules\gauge\node_modules\signal-exit\index.js:86:15)
12 verbose stack     at emitNone (events.js:91:20)
12 verbose stack     at process.emit (events.js:185:7)
12 verbose stack     at processEmit (D:\develop\node\node_modules\npm\node_modules\npmlog\node_modules\gauge\node_modules\signal-exit\index.js:146:32)
12 verbose stack     at processEmit (D:\develop\node\node_modules\npm\node_modules\npm-registry-client\node_modules\npmlog\node_modules\gauge\node_modules\signal-exit\index.js:146:32)
12 verbose stack     at Signal.wrap.onsignal (internal/process.js:217:44)
13 verbose cwd C:\Users\Administrator\Desktop\vue\练习\day06\cancel_request
14 error Windows_NT 10.0.15063
15 error argv "D:\\develop\\node\\node.exe" "D:\\develop\\node\\node_modules\\npm\\bin\\npm-cli.js" "run" "dev"
16 error node v6.11.2
17 error npm  v3.10.10
18 error code ENOSYS
19 error errno ENOSYS
20 error syscall kill
21 error kill ENOSYS
22 error If you need help, you may report this error at:
22 error     <https://github.com/npm/npm/issues>
23 verbose exit [ 1, true ]
